This is e-pTeX, Version 3.14159265-p3.6-141210-2.6 (utf8.euc) (TeX Live 2015) (preloaded format=platex 2015.12.4)  13 JAN 2016 00:01
entering extended mode
 restricted \write18 enabled.
 file:line:error style messages enabled.
 %&-line parsing enabled.
**search1-utf8.tex
(./search1-utf8.tex
pLaTeX2e <2006/11/10> (based on LaTeX2e <2015/10/01> patch level 2)
Babel <3.9m> and hyphenation patterns for 79 languages loaded.
(/usr/local/texlive/2015/texmf-dist/tex/platex/base/jarticle.cls
Document Class: jarticle 2006/06/27 v1.6 Standard pLaTeX class
\c@@paper=\count81
(/usr/local/texlive/2015/texmf-dist/tex/platex/base/jsize10.clo
File: jsize10.clo 2006/06/27 v1.6 Standard pLaTeX file (size option)
)
\c@part=\count82
\c@section=\count83
\c@subsection=\count84
\c@subsubsection=\count85
\c@paragraph=\count86
\c@subparagraph=\count87
\c@figure=\count88
\c@table=\count89
\abovecaptionskip=\skip41
\belowcaptionskip=\skip42
\symmincho=\mathgroup4
LaTeX Font Info:    Overwriting symbol font `mincho' in version `bold'
(Font)                  JY1/mc/m/n --> JY1/gt/m/n on input line 601.
\toclineskip=\dimen118
\@lnumwidth=\dimen119
\bibindent=\dimen120
\heisei=\count90
)
(/usr/local/texlive/2015/texmf-dist/tex/latex/graphics/graphicx.sty
Package: graphicx 2014/10/28 v1.0g Enhanced LaTeX Graphics (DPC,SPQR)

(/usr/local/texlive/2015/texmf-dist/tex/latex/graphics/keyval.sty
Package: keyval 2014/10/28 v1.15 key=value parser (DPC)
\KV@toks@=\toks15
)
(/usr/local/texlive/2015/texmf-dist/tex/latex/graphics/graphics.sty
Package: graphics 2014/10/28 v1.0p Standard LaTeX Graphics (DPC,SPQR)

(/usr/local/texlive/2015/texmf-dist/tex/latex/graphics/trig.sty
Package: trig 1999/03/16 v1.09 sin cos tan (DPC)
)
(/usr/local/texlive/2015/texmf-dist/tex/latex/latexconfig/graphics.cfg
File: graphics.cfg 2010/04/23 v1.9 graphics configuration of TeX Live
)
Package graphics Info: Driver file: dvipdfmx.def on input line 94.

(/usr/local/texlive/2015/texmf-dist/tex/latex/dvipdfmx-def/dvipdfmx.def
File: dvipdfmx.def 2015/11/04 v4.07 LaTeX color/graphics driver for dvipdfmx (T
eX Live/ChoF)

(/usr/local/texlive/2015/texmf-dist/tex/generic/oberdiek/infwarerr.sty
Package: infwarerr 2010/04/08 v1.3 Providing info/warning/error messages (HO)
)
(/usr/local/texlive/2015/texmf-dist/tex/generic/oberdiek/ltxcmds.sty
Package: ltxcmds 2011/11/09 v1.22 LaTeX kernel commands for general use (HO)
)))
\Gin@req@height=\dimen121
\Gin@req@width=\dimen122
)
(./eclbkbox.sty
\bk@bxb=\box41
\bk@bxa=\box42
\bk@lcnt=\count91
)
No file search1-utf8.aux.
\openout1 = `search1-utf8.aux'.

LaTeX Font Info:    Checking defaults for OML/cmm/m/it on input line 16.
LaTeX Font Info:    ... okay on input line 16.
LaTeX Font Info:    Checking defaults for T1/cmr/m/n on input line 16.
LaTeX Font Info:    ... okay on input line 16.
LaTeX Font Info:    Checking defaults for OT1/cmr/m/n on input line 16.
LaTeX Font Info:    ... okay on input line 16.
LaTeX Font Info:    Checking defaults for OMS/cmsy/m/n on input line 16.
LaTeX Font Info:    ... okay on input line 16.
LaTeX Font Info:    Checking defaults for OMX/cmex/m/n on input line 16.
LaTeX Font Info:    ... okay on input line 16.
LaTeX Font Info:    Checking defaults for U/cmr/m/n on input line 16.
LaTeX Font Info:    ... okay on input line 16.
LaTeX Font Info:    Checking defaults for JY1/mc/m/n on input line 16.
LaTeX Font Info:    ... okay on input line 16.
LaTeX Font Info:    Checking defaults for JT1/mc/m/n on input line 16.
LaTeX Font Info:    ... okay on input line 16.
LaTeX Font Info:    External font `cmex10' loaded for size
(Font)              <12> on input line 22.
LaTeX Font Info:    External font `cmex10' loaded for size
(Font)              <8> on input line 22.
LaTeX Font Info:    External font `cmex10' loaded for size
(Font)              <6> on input line 22.
LaTeX Font Info:    Font shape `JT1/mc/bx/n' in size <9> not available
(Font)              Font shape `JT1/gt/m/n' tried instead on input line 24.
LaTeX Font Info:    Font shape `JY1/mc/bx/n' in size <9> not available
(Font)              Font shape `JY1/gt/m/n' tried instead on input line 24.

LaTeX Warning: Citation `info2-search1' on page 1 undefined on input line 32.

LaTeX Font Info:    Font shape `JT1/mc/bx/n' in size <14.4> not available
(Font)              Font shape `JT1/gt/m/n' tried instead on input line 38.
LaTeX Font Info:    Font shape `JY1/mc/bx/n' in size <14.4> not available
(Font)              Font shape `JY1/gt/m/n' tried instead on input line 38.
LaTeX Font Info:    External font `cmex10' loaded for size
(Font)              <7> on input line 39.
LaTeX Font Info:    External font `cmex10' loaded for size
(Font)              <5> on input line 39.
LaTeX Font Info:    Try loading font information for OMS+cmr on input line 41.
(/usr/local/texlive/2015/texmf-dist/tex/latex/base/omscmr.fd
File: omscmr.fd 2014/09/29 v2.5h Standard LaTeX font definitions
)
LaTeX Font Info:    Font shape `OMS/cmr/m/n' in size <10> not available
(Font)              Font shape `OMS/cmsy/m/n' tried instead on input line 41.
 [1

]
(./level1.1.tex
LaTeX Font Info:    Font shape `JT1/mc/bx/n' in size <12> not available
(Font)              Font shape `JT1/gt/m/n' tried instead on input line 1.
LaTeX Font Info:    Font shape `JY1/mc/bx/n' in size <12> not available
(Font)              Font shape `JY1/gt/m/n' tried instead on input line 1.
LaTeX Font Info:    Font shape `JT1/mc/bx/n' in size <10> not available
(Font)              Font shape `JT1/gt/m/n' tried instead on input line 2.
LaTeX Font Info:    Font shape `JY1/mc/bx/n' in size <10> not available
(Font)              Font shape `JY1/gt/m/n' tried instead on input line 2.
) (./level1.2.tex

LaTeX Warning: Citation `housingdata' on page 2 undefined on input line 3.

File: figs/system-image.pdf Graphic file (type pdf)
<figs/system-image.pdf> [2]) (./level1.3.tex) [3] (./level2.0.tex)
(./level2.1.tex
Overfull \hbox (14.70532pt too wide) in paragraph at lines 13--16
[]\JY1/mc/m/n/10 また\OT1/cmr/m/n/10 ,step \JY1/mc/m/n/10 数を観察する際に \OT1
/cmr/m/n/10 run[]ave.sh \JY1/mc/m/n/10 を用いて行い\OT1/cmr/m/n/10 , \JY1/mc/m/
n/10 探索の推移を観察をする際に \OT1/cmr/m/n/10 trans[]step[]vs[]func.sh \JY1/m
c/m/n/10 と \OT1/cmr/m/n/10 trans[]x[]vs[]func.sh
 []


LaTeX Warning: Reference `trans_seed' on page 4 undefined on input line 28.

File: figs/trans_seed1-10.pdf Graphic file (type pdf)
<figs/trans_seed1-10.pdf>

LaTeX Warning: `h' float specifier changed to `ht'.

[4]) (./level2.2.tex) (./level2.3.tex) [5] [6] (./level3.0.tex) [7]
(./search1-utf8.aux)

LaTeX Warning: There were undefined references.


LaTeX Warning: Label(s) may have changed. Rerun to get cross-references right.

 ) 
Here is how much of TeX's memory you used:
 909 strings out of 493742
 11619 string characters out of 6151252
 70145 words of memory out of 5000000
 4434 multiletter control sequences out of 15000+600000
 15419 words of font info for 60 fonts, out of 8000000 for 9000
 929 hyphenation exceptions out of 8191
 27i,6n,21p,257b,307s stack positions out of 5000i,500n,10000p,200000b,80000s

Output written on search1-utf8.dvi (7 pages, 16920 bytes).
